<?xml version="1.0" encoding="UTF-8"?>
<!-- Generated by org.testng.reporters.JUnitReportReporter -->
<testsuite hostname="DESKTOP-V4VMHNU" failures="0" tests="2" name="milanivanovicacademy.tests.ErrorValidations" time="14.623" errors="0" timestamp="2024-05-24T14:34:20 CEST" skipped="0">
  <testcase classname="milanivanovicacademy.tests.ErrorValidations" name="ProductErrorValidation" time="9.512"/>
  <system-out/>
  <testcase classname="milanivanovicacademy.tests.ErrorValidations" name="LoginErrorValidation" time="5.111"/>
  <system-out/>
</testsuite> <!-- milanivanovicacademy.tests.ErrorValidations -->
