<?xml version="1.0" encoding="UTF-8"?>
<!-- Generated by org.testng.reporters.JUnitReportReporter -->
<testsuite hostname="DESKTOP-V4VMHNU" failures="0" tests="3" name="milanivanovicacademy.tests.SubmitOrderTest" time="18.079" errors="0" timestamp="2024-06-06T12:16:47 CEST" skipped="0">
  <testcase classname="milanivanovicacademy.tests.SubmitOrderTest" name="submitOrder" time="6.374"/>
  <system-out/>
  <testcase classname="milanivanovicacademy.tests.SubmitOrderTest" name="OrderHistoryTest" time="5.128"/>
  <system-out/>
  <testcase classname="milanivanovicacademy.tests.SubmitOrderTest" name="submitOrder" time="6.577"/>
  <system-out/>
</testsuite> <!-- milanivanovicacademy.tests.SubmitOrderTest -->
