<?xml version="1.0" encoding="UTF-8"?>
<!-- Generated by org.testng.reporters.JUnitReportReporter -->
<testsuite hostname="DESKTOP-V4VMHNU" failures="0" tests="1" name="cucumber.TestNGTestRunner" time="7.414" errors="0" timestamp="2024-06-16T15:09:40 CEST" skipped="0">
  <testcase classname="cucumber.TestNGTestRunner" name="runScenario" time="7.414"/>
  <system-out/>
</testsuite> <!-- cucumber.TestNGTestRunner -->
