<?xml version="1.0" encoding="UTF-8"?>
<!-- Generated by org.testng.reporters.JUnitReportReporter -->
<testsuite hostname="DESKTOP-V4VMHNU" failures="0" tests="1" name="cucumber.TestNGTestRunner" time="8.991" errors="0" timestamp="2024-06-16T16:24:32 CEST" skipped="0">
  <testcase classname="cucumber.TestNGTestRunner" name="runScenario" time="8.991"/>
</testsuite> <!-- cucumber.TestNGTestRunner -->
